Using pre-set license
Built from '2021.1/staging' branch; Version is '2021.1.26f1 (6f076387c01d) revision 7276387'; Using compiler version '192528614'; Build Type 'Release'
OS: 'Windows 10 Home; OS build 22000.493; Version 2009; 64bit' Language: 'zh' Physical Memory: 16235 MB
BatchMode: 1, IsHumanControllingUs: 0, StartBugReporterOnCrash: 0, Is64bit: 1, IsPro: 0

COMMAND LINE ARGUMENTS:
D:\repos\Unity2D\2021.1.26f1\Editor\Unity.exe
-adb2
-batchMode
-noUpm
-name
AssetImportWorker0
-projectPath
D:/repos/Unity2D/1023
-logFile
Logs/AssetImportWorker0.log
-srvPort
11132
Successfully changed project path to: D:/repos/Unity2D/1023
D:/repos/Unity2D/1023
Using Asset Import Pipeline V2.
Refreshing native plugins compatible for Editor in 52.28 ms, found 2 plugins.
Preloading 0 native plugins for Editor in 0.00 ms.
Initialize engine version: 2021.1.26f1 (6f076387c01d)
[Subsystems] Discovering subsystems at path D:/repos/Unity2D/2021.1.26f1/Editor/Data/Resources/UnitySubsystems
[Subsystems] Discovering subsystems at path D:/repos/Unity2D/1023/Assets
GfxDevice: creating device client; threaded=0; jobified=0
Direct3D:
    Version:  Direct3D 11.0 [level 11.1]
    Renderer: NVIDIA GeForce GTX 1060 (ID=0x1c20)
    Vendor:   NVIDIA
    VRAM:     6052 MB
    Driver:   27.21.14.5167
Initialize mono
Mono path[0] = 'D:/repos/Unity2D/2021.1.26f1/Editor/Data/Managed'
Mono path[1] = 'D:/repos/Unity2D/2021.1.26f1/Editor/Data/MonoBleedingEdge/lib/mono/unityjit'
Mono config path = 'D:/repos/Unity2D/2021.1.26f1/Editor/Data/MonoBleedingEdge/etc'
Using monoOptions --debugger-agent=transport=dt_socket,embedding=1,server=y,suspend=n,address=127.0.0.1:56032
Begin MonoManager ReloadAssembly
Registering precompiled unity dll's ...
Register platform support module: D:/repos/Unity2D/2021.1.26f1/Editor/Data/PlaybackEngines/WebGLSupport/UnityEditor.WebGL.Extensions.dll
Register platform support module: D:/repos/Unity2D/2021.1.26f1/Editor/Data/PlaybackEngines/WindowsStandaloneSupport/UnityEditor.WindowsStandalone.Extensions.dll
Registered in 0.001150 seconds.
Native extension for WindowsStandalone target not found
Native extension for WebGL target not found
Refreshing native plugins compatible for Editor in 41.25 ms, found 2 plugins.
Preloading 0 native plugins for Editor in 0.00 ms.
Mono: successfully reloaded assembly
- Completed reload, in  1.532 seconds
Domain Reload Profiling:
	ReloadAssembly (1533ms)
		BeginReloadAssembly (85ms)
			ExecutionOrderSort (0ms)
			DisableScriptedObjects (0ms)
			BackupInstance (0ms)
			ReleaseScriptingObjects (0ms)
			CreateAndSetChildDomain (1ms)
		EndReloadAssembly (465ms)
			LoadAssemblies (83ms)
			RebuildTransferFunctionScriptingTraits (0ms)
			SetupTypeCache (170ms)
			ReleaseScriptCaches (0ms)
			RebuildScriptCaches (36ms)
			SetupLoadedEditorAssemblies (210ms)
				LogAssemblyErrors (0ms)
				InitializePlatformSupportModulesInManaged (8ms)
				SetLoadedEditorAssemblies (0ms)
				RefreshPlugins (41ms)
				BeforeProcessingInitializeOnLoad (2ms)
				ProcessInitializeOnLoadAttributes (128ms)
				ProcessInitializeOnLoadMethodAttributes (31ms)
				AfterProcessingInitializeOnLoad (0ms)
				EditorAssembliesLoaded (0ms)
			ExecutionOrderSort2 (0ms)
			AwakeInstancesAfterBackupRestoration (0ms)
Platform modules already initialized, skipping
Registering precompiled user dll's ...
Registered in 0.004984 seconds.
Begin MonoManager ReloadAssembly
Native extension for WindowsStandalone target not found
Native extension for WebGL target not found
Refreshing native plugins compatible for Editor in 0.63 ms, found 2 plugins.
Preloading 0 native plugins for Editor in 0.00 ms.
Mono: successfully reloaded assembly
- Completed reload, in  1.233 seconds
Domain Reload Profiling:
	ReloadAssembly (1234ms)
		BeginReloadAssembly (174ms)
			ExecutionOrderSort (0ms)
			DisableScriptedObjects (5ms)
			BackupInstance (0ms)
			ReleaseScriptingObjects (0ms)
			CreateAndSetChildDomain (21ms)
		EndReloadAssembly (998ms)
			LoadAssemblies (116ms)
			RebuildTransferFunctionScriptingTraits (0ms)
			SetupTypeCache (304ms)
			ReleaseScriptCaches (0ms)
			RebuildScriptCaches (59ms)
			SetupLoadedEditorAssemblies (437ms)
				LogAssemblyErrors (0ms)
				InitializePlatformSupportModulesInManaged (7ms)
				SetLoadedEditorAssemblies (0ms)
				RefreshPlugins (1ms)
				BeforeProcessingInitializeOnLoad (60ms)
				ProcessInitializeOnLoadAttributes (294ms)
				ProcessInitializeOnLoadMethodAttributes (73ms)
				AfterProcessingInitializeOnLoad (2ms)
				EditorAssembliesLoaded (0ms)
			ExecutionOrderSort2 (0ms)
			AwakeInstancesAfterBackupRestoration (8ms)
Platform modules already initialized, skipping
========================================================================
Worker process is ready to serve import requests
Launched and connected shader compiler UnityShaderCompiler.exe after 0.06 seconds
Refreshing native plugins compatible for Editor in 0.81 ms, found 2 plugins.
Preloading 0 native plugins for Editor in 0.00 ms.
Unloading 2150 Unused Serialized files (Serialized files now loaded: 0)
System memory in use before: 89.9 MB.
System memory in use after: 90.0 MB.

Unloading 58 unused Assets to reduce memory usage. Loaded Objects now: 2575.
Total: 7.075300 ms (FindLiveObjects: 0.155300 ms CreateObjectMapping: 0.081600 ms MarkObjects: 6.682800 ms  DeleteObjects: 0.154000 ms)

AssetImportParameters requested are different than current active one (requested -> active):
  custom:framework-win-MediaFoundation: 216162199b28c13a410421893ffa2e32 -> 
  custom:video-decoder-ogg-theora: a1e56fd34408186e4bbccfd4996cb3dc -> 
  custom:container-muxer-webm: aa71ff27fc2769a1b78a27578f13a17b -> 
  custom:container-demuxer-webm: 4f35f7cbe854078d1ac9338744f61a02 -> 
  custom:container-demuxer-ogg: 62fdf1f143b41e24485cea50d1cbac27 -> 
  custom:video-encoder-webm-vp8: eb34c28f22e8b96e1ab97ce403110664 -> 
  custom:video-codec-MediaFoundation-h265: 746d11721c4dcdbdad8f713fa42b33f4 -> 
  custom:video-decoder-webm-vp8: 9c59270c3fd7afecdb556c50c9e8de78 -> 
  custom:audio-decoder-ogg-vorbis: bf7c407c2cedff20999df2af8eb42d56 -> 
  custom:audio-encoder-webm-vorbis: bf7c407c2cedff20999df2af8eb42d56 -> 
========================================================================
Received Import Request.
  path: Assets/Scenes/EDD.unity
  artifactKey: Guid(bf0933847d2307d42a4e8280d02ebba5) Importer(815301076,1909f56bfc062723c751e8b465ee728b)
Start importing Assets/Scenes/EDD.unity using Guid(bf0933847d2307d42a4e8280d02ebba5) Importer(815301076,1909f56bfc062723c751e8b465ee728b)  -> (artifact id: '20ea3ae3f918c886830f9db37d356e3d') in 0.021154 seconds 
========================================================================
Received Import Request.
  Time since last request: 24.688500 seconds.
  path: Assets/Scripts/ScoreService.cs
  artifactKey: Guid(95decd57588aa384eac604d40530812c) Importer(815301076,1909f56bfc062723c751e8b465ee728b)
Start importing Assets/Scripts/ScoreService.cs using Guid(95decd57588aa384eac604d40530812c) Importer(815301076,1909f56bfc062723c751e8b465ee728b)  -> (artifact id: '151f0a842afb079e9554af8d468a6e2d') in 0.034279 seconds 
========================================================================
Received Import Request.
  Time since last request: 120.692526 seconds.
  path: Assets/img/bee_1.png
  artifactKey: Guid(cb952490363ca0340a1238ecd2a5da4d) Importer(815301076,1909f56bfc062723c751e8b465ee728b)
Start importing Assets/img/bee_1.png using Guid(cb952490363ca0340a1238ecd2a5da4d) Importer(815301076,1909f56bfc062723c751e8b465ee728b)  -> (artifact id: '57e42ceadba45293db7b214042c24a19') in 0.174552 seconds 
========================================================================
Received Import Request.
  Time since last request: 0.000232 seconds.
  path: Assets/img/bullet.png
  artifactKey: Guid(eef8044a01f8de24e9d70a0f89bbcd4a) Importer(815301076,1909f56bfc062723c751e8b465ee728b)
Start importing Assets/img/bullet.png using Guid(eef8044a01f8de24e9d70a0f89bbcd4a) Importer(815301076,1909f56bfc062723c751e8b465ee728b)  -> (artifact id: '5b005cf5df8287b3cea0b869b4c69f83') in 0.026372 seconds 
========================================================================
Received Import Request.
  Time since last request: 0.000299 seconds.
  path: Assets/img/立繪_3.png
  artifactKey: Guid(5f877b535a9b9924bbbb613b805527c4) Importer(815301076,1909f56bfc062723c751e8b465ee728b)
Start importing Assets/img/立繪_3.png using Guid(5f877b535a9b9924bbbb613b805527c4) Importer(815301076,1909f56bfc062723c751e8b465ee728b)  -> (artifact id: '67c683814a1f22b07b8ba2599f71e0a7') in 0.094394 seconds 
========================================================================
Received Import Request.
  Time since last request: 0.000236 seconds.
  path: Assets/img/圖片1.png
  artifactKey: Guid(051b19f923a7e3740b0db0a3044aeb8b) Importer(815301076,1909f56bfc062723c751e8b465ee728b)
Start importing Assets/img/圖片1.png using Guid(051b19f923a7e3740b0db0a3044aeb8b) Importer(815301076,1909f56bfc062723c751e8b465ee728b)  -> (artifact id: '4c5c51dbec35c56a5bea6a04524bfe47') in 0.034240 seconds 
========================================================================
Received Import Request.
  Time since last request: 0.000302 seconds.
  path: Assets/img/農民橫向.png
  artifactKey: Guid(9ff75a16738097b48869ceb74ab103e4) Importer(815301076,1909f56bfc062723c751e8b465ee728b)
Start importing Assets/img/農民橫向.png using Guid(9ff75a16738097b48869ceb74ab103e4) Importer(815301076,1909f56bfc062723c751e8b465ee728b)  -> (artifact id: '9390052c3fc7482792cf0942a871e0dd') in 0.107208 seconds 
========================================================================
Received Import Request.
  Time since last request: 0.000221 seconds.
  path: Assets/img/bee_3.png
  artifactKey: Guid(c8bb45bc6772ddd4a829617f1f16b872) Importer(815301076,1909f56bfc062723c751e8b465ee728b)
Start importing Assets/img/bee_3.png using Guid(c8bb45bc6772ddd4a829617f1f16b872) Importer(815301076,1909f56bfc062723c751e8b465ee728b)  -> (artifact id: '4deaa57e8a27f3b5f334bde1edf00510') in 0.038291 seconds 
========================================================================
Received Import Request.
  Time since last request: 0.000271 seconds.
  path: Assets/img/bee_5.png
  artifactKey: Guid(af4a68a39ddd74341bcc020320703cb6) Importer(815301076,1909f56bfc062723c751e8b465ee728b)
Start importing Assets/img/bee_5.png using Guid(af4a68a39ddd74341bcc020320703cb6) Importer(815301076,1909f56bfc062723c751e8b465ee728b)  -> (artifact id: '770b10a4ad998e380c73b6d52a634d55') in 0.040550 seconds 
========================================================================
Received Import Request.
  Time since last request: 0.000288 seconds.
  path: Assets/img/立繪.png
  artifactKey: Guid(31cc03855ea5edf4bb97e1f8968daaf2) Importer(815301076,1909f56bfc062723c751e8b465ee728b)
Start importing Assets/img/立繪.png using Guid(31cc03855ea5edf4bb97e1f8968daaf2) Importer(815301076,1909f56bfc062723c751e8b465ee728b)  -> (artifact id: '23cb6cc211fc9cd6d5ef7d57358c8758') in 0.019740 seconds 
========================================================================
Received Import Request.
  Time since last request: 0.000237 seconds.
  path: Assets/img/bee_4.png
  artifactKey: Guid(bfcc68032d395e54d80999b11ed541da) Importer(815301076,1909f56bfc062723c751e8b465ee728b)
Start importing Assets/img/bee_4.png using Guid(bfcc68032d395e54d80999b11ed541da) Importer(815301076,1909f56bfc062723c751e8b465ee728b)  -> (artifact id: '2f596c0493726ea2b10f59b1e0d84741') in 0.035448 seconds 
========================================================================
Received Import Request.
  Time since last request: 0.000301 seconds.
  path: Assets/img/wood.png
  artifactKey: Guid(7f8281b68d122dd46bd71be6b1a3f4cf) Importer(815301076,1909f56bfc062723c751e8b465ee728b)
Start importing Assets/img/wood.png using Guid(7f8281b68d122dd46bd71be6b1a3f4cf) Importer(815301076,1909f56bfc062723c751e8b465ee728b)  -> (artifact id: 'b3511d7aade6659737cc73208d91a37c') in 0.089527 seconds 
========================================================================
Received Import Request.
  Time since last request: 0.000265 seconds.
  path: Assets/img/longinus.png
  artifactKey: Guid(c8aab25ae2fd48c4380060d5759fbcaa) Importer(815301076,1909f56bfc062723c751e8b465ee728b)
Start importing Assets/img/longinus.png using Guid(c8aab25ae2fd48c4380060d5759fbcaa) Importer(815301076,1909f56bfc062723c751e8b465ee728b)  -> (artifact id: '70997cd986bfce1e83ea0adc877684fc') in 0.034920 seconds 
========================================================================
Received Import Request.
  Time since last request: 0.000251 seconds.
  path: Assets/img/高壓電塔.png
  artifactKey: Guid(95be86e7373577945ac04045dfe8f190) Importer(815301076,1909f56bfc062723c751e8b465ee728b)
Start importing Assets/img/高壓電塔.png using Guid(95be86e7373577945ac04045dfe8f190) Importer(815301076,1909f56bfc062723c751e8b465ee728b)  -> (artifact id: '18405e99647a067217bfc3659375230c') in 0.030294 seconds 
========================================================================
Received Import Request.
  Time since last request: 0.000285 seconds.
  path: Assets/img/bee_6.png
  artifactKey: Guid(25c05a559bef59c4cbc340d790115538) Importer(815301076,1909f56bfc062723c751e8b465ee728b)
Start importing Assets/img/bee_6.png using Guid(25c05a559bef59c4cbc340d790115538) Importer(815301076,1909f56bfc062723c751e8b465ee728b)  -> (artifact id: '3be3b8310b72cbae22a9e7fa90cb1e20') in 0.025837 seconds 
========================================================================
Received Import Request.
  Time since last request: 0.000262 seconds.
  path: Assets/img/立繪_2.png
  artifactKey: Guid(77754e2007a50a4428b059f3eab23cb7) Importer(815301076,1909f56bfc062723c751e8b465ee728b)
Start importing Assets/img/立繪_2.png using Guid(77754e2007a50a4428b059f3eab23cb7) Importer(815301076,1909f56bfc062723c751e8b465ee728b)  -> (artifact id: 'f903c8c3674ab1cf2403f5749d412ffe') in 0.073612 seconds 
========================================================================
Received Import Request.
  Time since last request: 0.000312 seconds.
  path: Assets/img/bee_2.png
  artifactKey: Guid(da9f82ed4695a284dac9a720011428b0) Importer(815301076,1909f56bfc062723c751e8b465ee728b)
Start importing Assets/img/bee_2.png using Guid(da9f82ed4695a284dac9a720011428b0) Importer(815301076,1909f56bfc062723c751e8b465ee728b)  -> (artifact id: 'e6f1e4acc17a6ca521a7c3c124c39fbd') in 0.025220 seconds 
========================================================================
Received Prepare
Registering precompiled user dll's ...
Registered in 0.004879 seconds.
Begin MonoManager ReloadAssembly
Native extension for WindowsStandalone target not found
Native extension for WebGL target not found
Refreshing native plugins compatible for Editor in 0.75 ms, found 2 plugins.
Preloading 0 native plugins for Editor in 0.00 ms.
Mono: successfully reloaded assembly
- Completed reload, in  1.259 seconds
Domain Reload Profiling:
	ReloadAssembly (1259ms)
		BeginReloadAssembly (146ms)
			ExecutionOrderSort (0ms)
			DisableScriptedObjects (7ms)
			BackupInstance (0ms)
			ReleaseScriptingObjects (0ms)
			CreateAndSetChildDomain (39ms)
		EndReloadAssembly (1059ms)
			LoadAssemblies (109ms)
			RebuildTransferFunctionScriptingTraits (0ms)
			SetupTypeCache (308ms)
			ReleaseScriptCaches (1ms)
			RebuildScriptCaches (66ms)
			SetupLoadedEditorAssemblies (426ms)
				LogAssemblyErrors (0ms)
				InitializePlatformSupportModulesInManaged (8ms)
				SetLoadedEditorAssemblies (1ms)
				RefreshPlugins (1ms)
				BeforeProcessingInitializeOnLoad (67ms)
				ProcessInitializeOnLoadAttributes (275ms)
				ProcessInitializeOnLoadMethodAttributes (74ms)
				AfterProcessingInitializeOnLoad (2ms)
				EditorAssembliesLoaded (0ms)
			ExecutionOrderSort2 (0ms)
			AwakeInstancesAfterBackupRestoration (17ms)
Platform modules already initialized, skipping
Refreshing native plugins compatible for Editor in 0.63 ms, found 2 plugins.
Preloading 0 native plugins for Editor in 0.00 ms.
Unloading 2159 Unused Serialized files (Serialized files now loaded: 0)
System memory in use before: 121.8 MB.
System memory in use after: 122.0 MB.

Unloading 49 unused Assets to reduce memory usage. Loaded Objects now: 2832.
Total: 7.028400 ms (FindLiveObjects: 0.180500 ms CreateObjectMapping: 0.087700 ms MarkObjects: 6.732800 ms  DeleteObjects: 0.026300 ms)

AssetImportParameters requested are different than current active one (requested -> active):
  custom:framework-win-MediaFoundation: 216162199b28c13a410421893ffa2e32 -> 
  custom:video-decoder-ogg-theora: a1e56fd34408186e4bbccfd4996cb3dc -> 
  custom:container-muxer-webm: aa71ff27fc2769a1b78a27578f13a17b -> 
  custom:container-demuxer-webm: 4f35f7cbe854078d1ac9338744f61a02 -> 
  custom:container-demuxer-ogg: 62fdf1f143b41e24485cea50d1cbac27 -> 
  custom:video-encoder-webm-vp8: eb34c28f22e8b96e1ab97ce403110664 -> 
  custom:video-codec-MediaFoundation-h265: 746d11721c4dcdbdad8f713fa42b33f4 -> 
  custom:video-decoder-webm-vp8: 9c59270c3fd7afecdb556c50c9e8de78 -> 
  custom:audio-decoder-ogg-vorbis: bf7c407c2cedff20999df2af8eb42d56 -> 
  custom:audio-encoder-webm-vorbis: bf7c407c2cedff20999df2af8eb42d56 -> 
========================================================================
Received Prepare
Registering precompiled user dll's ...
Registered in 0.005425 seconds.
Begin MonoManager ReloadAssembly
Native extension for WindowsStandalone target not found
Native extension for WebGL target not found
Refreshing native plugins compatible for Editor in 0.66 ms, found 2 plugins.
Preloading 0 native plugins for Editor in 0.00 ms.
Mono: successfully reloaded assembly
- Completed reload, in  1.223 seconds
Domain Reload Profiling:
	ReloadAssembly (1223ms)
		BeginReloadAssembly (149ms)
			ExecutionOrderSort (0ms)
			DisableScriptedObjects (10ms)
			BackupInstance (0ms)
			ReleaseScriptingObjects (0ms)
			CreateAndSetChildDomain (39ms)
		EndReloadAssembly (1002ms)
			LoadAssemblies (115ms)
			RebuildTransferFunctionScriptingTraits (0ms)
			SetupTypeCache (323ms)
			ReleaseScriptCaches (1ms)
			RebuildScriptCaches (59ms)
			SetupLoadedEditorAssemblies (398ms)
				LogAssemblyErrors (0ms)
				InitializePlatformSupportModulesInManaged (6ms)
				SetLoadedEditorAssemblies (0ms)
				RefreshPlugins (1ms)
				BeforeProcessingInitializeOnLoad (59ms)
				ProcessInitializeOnLoadAttributes (262ms)
				ProcessInitializeOnLoadMethodAttributes (68ms)
				AfterProcessingInitializeOnLoad (2ms)
				EditorAssembliesLoaded (0ms)
			ExecutionOrderSort2 (0ms)
			AwakeInstancesAfterBackupRestoration (14ms)
Platform modules already initialized, skipping
Refreshing native plugins compatible for Editor in 0.61 ms, found 2 plugins.
Preloading 0 native plugins for Editor in 0.00 ms.
Unloading 2144 Unused Serialized files (Serialized files now loaded: 0)
System memory in use before: 121.2 MB.
System memory in use after: 121.4 MB.

Unloading 49 unused Assets to reduce memory usage. Loaded Objects now: 2834.
Total: 6.789900 ms (FindLiveObjects: 0.184700 ms CreateObjectMapping: 0.073200 ms MarkObjects: 6.501200 ms  DeleteObjects: 0.030100 ms)

AssetImportParameters requested are different than current active one (requested -> active):
  custom:framework-win-MediaFoundation: 216162199b28c13a410421893ffa2e32 -> 
  custom:video-decoder-ogg-theora: a1e56fd34408186e4bbccfd4996cb3dc -> 
  custom:container-muxer-webm: aa71ff27fc2769a1b78a27578f13a17b -> 
  custom:container-demuxer-webm: 4f35f7cbe854078d1ac9338744f61a02 -> 
  custom:container-demuxer-ogg: 62fdf1f143b41e24485cea50d1cbac27 -> 
  custom:video-encoder-webm-vp8: eb34c28f22e8b96e1ab97ce403110664 -> 
  custom:video-codec-MediaFoundation-h265: 746d11721c4dcdbdad8f713fa42b33f4 -> 
  custom:video-decoder-webm-vp8: 9c59270c3fd7afecdb556c50c9e8de78 -> 
  custom:audio-decoder-ogg-vorbis: bf7c407c2cedff20999df2af8eb42d56 -> 
  custom:audio-encoder-webm-vorbis: bf7c407c2cedff20999df2af8eb42d56 -> 
AssetImportWorkerClient::OnTransportError - code=2 error=End of file
